TN:
SF:/Users/rohandeshpande/.rd/trux/src/Collection.js
FN:12,Collection
FN:130,(anonymous_17)
FN:135,(anonymous_18)
FN:152,(anonymous_20)
FN:153,Extension
FNF:5
FNH:5
FNDA:18,Collection
FNDA:1,(anonymous_17)
FNDA:1,(anonymous_18)
FNDA:1,(anonymous_20)
FNDA:1,Extension
DA:1,1
DA:2,1
DA:12,36
DA:15,18
DA:16,1
DA:24,17
DA:31,17
DA:33,17
DA:45,6
DA:47,6
DA:48,1
DA:51,5
DA:53,5
DA:54,13
DA:57,5
DA:67,16
DA:68,1
DA:71,15
DA:72,15
DA:74,15
DA:84,2
DA:85,1
DA:88,1
DA:89,1
DA:91,1
DA:100,6
DA:102,6
DA:103,3
DA:106,6
DA:115,1
DA:117,1
DA:126,2
DA:127,2
DA:131,1
DA:132,1
DA:134,1
DA:136,1
DA:138,1
DA:152,2
DA:153,3
DA:157,1
DA:158,1
DA:164,1
DA:165,1
DA:167,1
DA:168,1
DA:173,1
DA:186,2
DA:187,1
DA:190,1
DA:192,1
DA:193,1
LF:52
LH:52
BRDA:12,0,0,18
BRDA:12,0,1,0
BRDA:15,1,0,1
BRDA:15,1,1,17
BRDA:47,2,0,1
BRDA:47,2,1,5
BRDA:67,3,0,1
BRDA:67,3,1,15
BRDA:84,4,0,1
BRDA:84,4,1,1
BRDA:126,5,0,0
BRDA:126,5,1,2
BRDA:126,6,0,2
BRDA:126,6,1,0
BRDA:153,7,0,1
BRDA:153,7,1,0
BRDA:157,8,0,1
BRDA:164,9,0,1
BRDA:164,10,0,0
BRDA:164,10,1,1
BRDA:167,11,0,1
BRDA:186,12,0,1
BRDA:186,12,1,1
BRDA:186,13,0,1
BRDA:186,13,1,1
BRDA:192,14,0,1
BRF:26
BRH:21
end_of_record
TN:
SF:/Users/rohandeshpande/.rd/trux/src/Model.js
FN:13,Model
FN:59,(anonymous_11)
FN:71,(anonymous_12)
FN:106,(anonymous_15)
FN:111,(anonymous_16)
FN:129,(anonymous_18)
FN:134,(anonymous_19)
FN:165,(anonymous_21)
FN:173,(anonymous_22)
FN:190,(anonymous_24)
FN:195,(anonymous_25)
FN:311,(anonymous_37)
FN:312,Extension
FNF:13
FNH:13
FNDA:33,Model
FNDA:9,(anonymous_11)
FNDA:3,(anonymous_12)
FNDA:3,(anonymous_15)
FNDA:1,(anonymous_16)
FNDA:2,(anonymous_18)
FNDA:1,(anonymous_19)
FNDA:4,(anonymous_21)
FNDA:1,(anonymous_22)
FNDA:3,(anonymous_24)
FNDA:1,(anonymous_25)
FNDA:3,(anonymous_37)
FNDA:15,Extension
DA:1,1
DA:2,1
DA:13,99
DA:16,33
DA:23,33
DA:30,33
DA:37,33
DA:44,33
DA:51,33
DA:59,33
DA:60,9
DA:61,9
DA:63,9
DA:71,33
DA:72,3
DA:74,3
DA:86,14
DA:87,14
DA:88,1
DA:90,13
DA:93,14
DA:102,4
DA:103,4
DA:107,3
DA:108,3
DA:110,3
DA:112,1
DA:114,1
DA:124,3
DA:125,3
DA:130,2
DA:131,2
DA:133,2
DA:135,1
DA:137,1
DA:151,5
DA:152,5
DA:153,5
DA:154,5
DA:155,5
DA:157,5
DA:158,1
DA:161,5
DA:166,4
DA:170,4
DA:172,4
DA:174,1
DA:175,1
DA:177,1
DA:186,4
DA:187,4
DA:191,3
DA:192,3
DA:194,3
DA:196,1
DA:197,1
DA:199,1
DA:209,3
DA:211,3
DA:221,36
DA:222,36
DA:231,3
DA:240,35
DA:250,38
DA:251,38
DA:260,2
DA:269,35
DA:279,37
DA:280,37
DA:289,3
DA:298,35
DA:311,6
DA:312,45
DA:315,15
DA:316,1
DA:322,3
DA:323,2
DA:325,3
DA:326,3
DA:331,3
DA:344,2
DA:345,1
DA:348,1
DA:350,1
DA:351,1
LF:85
LH:85
BRDA:13,0,0,33
BRDA:13,0,1,0
BRDA:16,1,0,16
BRDA:16,1,1,17
BRDA:16,2,0,33
BRDA:16,2,1,17
BRDA:23,3,0,33
BRDA:23,3,1,16
BRDA:61,4,0,0
BRDA:61,4,1,9
BRDA:61,5,0,9
BRDA:61,5,1,9
BRDA:72,6,0,1
BRDA:72,6,1,2
BRDA:72,7,0,3
BRDA:72,7,1,3
BRDA:86,8,0,6
BRDA:86,8,1,8
BRDA:86,9,0,14
BRDA:86,9,1,6
BRDA:87,10,0,1
BRDA:87,10,1,13
BRDA:87,11,0,14
BRDA:87,11,1,13
BRDA:102,12,0,0
BRDA:102,12,1,4
BRDA:102,13,0,4
BRDA:102,13,1,0
BRDA:151,14,0,4
BRDA:151,14,1,1
BRDA:151,15,0,5
BRDA:151,15,1,4
BRDA:152,16,0,5
BRDA:152,16,1,1
BRDA:153,17,0,5
BRDA:153,17,1,5
BRDA:154,18,0,5
BRDA:154,18,1,4
BRDA:155,19,0,5
BRDA:155,19,1,5
BRDA:157,20,0,1
BRDA:157,20,1,4
BRDA:221,21,0,2
BRDA:221,21,1,34
BRDA:222,22,0,2
BRDA:222,22,1,34
BRDA:250,23,0,4
BRDA:250,23,1,34
BRDA:251,24,0,4
BRDA:251,24,1,34
BRDA:279,25,0,3
BRDA:279,25,1,34
BRDA:280,26,0,3
BRDA:280,26,1,34
BRDA:312,27,0,15
BRDA:312,27,1,0
BRDA:315,28,0,1
BRDA:315,28,1,14
BRDA:322,29,0,2
BRDA:322,30,0,1
BRDA:322,30,1,2
BRDA:325,31,0,3
BRDA:344,32,0,1
BRDA:344,32,1,1
BRDA:344,33,0,1
BRDA:344,33,1,1
BRDA:350,34,0,1
BRF:67
BRH:62
end_of_record
TN:
SF:/Users/rohandeshpande/.rd/trux/src/Store.js
FN:4,Store
FN:91,broadcast
FNF:2
FNH:2
FNDA:53,Store
FNDA:16,broadcast
DA:1,1
DA:4,53
DA:11,53
DA:18,53
DA:25,53
DA:32,53
DA:41,53
DA:48,53
DA:55,53
DA:62,53
DA:69,53
DA:76,53
DA:83,53
DA:92,16
DA:94,16
DA:95,11
DA:98,5
DA:99,5
DA:100,5
DA:105,53
DA:120,9
DA:121,1
DA:124,8
DA:126,8
DA:127,1
DA:141,2
DA:142,1
DA:145,1
DA:154,3
DA:155,1
DA:156,1
DA:160,3
DA:170,16
DA:181,1
DA:183,1
DA:193,1
DA:195,1
DA:204,29
DA:214,53
DA:223,23
DA:233,69
DA:234,69
DA:243,6
DA:252,54
DA:262,59
DA:263,59
DA:272,3
DA:281,57
LF:48
LH:48
BRDA:94,0,0,11
BRDA:94,0,1,5
BRDA:99,1,0,5
BRDA:99,1,1,0
BRDA:120,2,0,1
BRDA:120,2,1,8
BRDA:126,3,0,1
BRDA:126,3,1,7
BRDA:141,4,0,1
BRDA:141,4,1,1
BRDA:155,5,0,1
BRDA:155,5,1,0
BRDA:233,6,0,16
BRDA:233,6,1,53
BRDA:234,7,0,16
BRDA:234,7,1,53
BRDA:262,8,0,4
BRDA:262,8,1,55
BRDA:263,9,0,4
BRDA:263,9,1,55
BRF:20
BRH:18
end_of_record
TN:
SF:/Users/rohandeshpande/.rd/trux/src/index.js
FNF:0
FNH:0
DA:1,1
DA:2,1
LF:2
LH:2
BRF:0
BRH:0
end_of_record
